{"created": 1753339578.3462374, "duration": 17.21917986869812, "exitcode": 1, "root": "C:\\Users\\WW\\Desktop\\workspace\\00. src\\appium-pytest-template", "environment": {}, "summary": {"failed": 1, "total": 1, "collected": 1}, "collectors": [{"nodeid": "", "outcome": "passed", "result": [{"nodeid": "tests/test_login.py", "type": "Module"}]}, {"nodeid": "tests/test_login.py", "outcome": "passed", "result": [{"nodeid": "tests/test_login.py::test_login_success", "type": "Function", "lineno": 2}]}], "tests": [{"nodeid": "tests/test_login.py::test_login_success", "lineno": 2, "outcome": "failed", "keywords": ["test_login_success", "allure_description", "allure_label", "pytestmark", "__allure_display_name__", "test_login.py", "tests", "appium-pytest-template", ""], "setup": {"duration": 5.876672999933362, "outcome": "passed"}, "call": {"duration": 10.145924300071783, "outcome": "failed", "crash": {"path": "C:\\actions-runner\\_work\\_tool\\Python\\3.10.11\\x64\\lib\\site-packages\\selenium\\webdriver\\support\\wait.py", "lineno": 138, "message": "selenium.common.exceptions.TimeoutException: Message: \nStacktrace:\nNoSuchElementError: An element could not be located on the page using the given search parameters.\n    at AndroidUiautomator2Driver.findElOrEls (C:\\Users\\WW\\.appium\\node_modules\\appium-uiautomator2-driver\\node_modules\\appium-android-driver\\lib\\commands\\find.ts:86:11)\n    at processTicksAndRejections (node:internal/process/task_queues:105:5)\n    at AndroidUiautomator2Driver.findElOrElsWithProcessing (C:\\Users\\WW\\AppData\\Roaming\\npm\\node_modules\\appium\\node_modules\\@appium\\base-driver\\lib\\basedriver\\commands\\find.ts:60:12)\n    at AndroidUiautomator2Driver.findElement (C:\\Users\\WW\\AppData\\Roaming\\npm\\node_modules\\appium\\node_modules\\@appium\\base-driver\\lib\\basedriver\\commands\\find.ts:75:12)"}, "traceback": [{"path": "tests\\test_login.py", "lineno": 20, "message": ""}, {"path": "pages\\mypage.py", "lineno": 11, "message": "in go_to_mypage"}, {"path": "C:\\actions-runner\\_work\\_tool\\Python\\3.10.11\\x64\\lib\\site-packages\\selenium\\webdriver\\support\\wait.py", "lineno": 138, "message": "TimeoutException"}], "longrepr": "driver = <appium.webdriver.webdriver.WebDriver (session=\"bde54c73-c3e7-4620-8b89-317f0f91ac65\")>\n\n    @allure.epic(\"\ud68c\uc6d0 \uae30\ub2a5\")\n    @allure.feature(\"\ub85c\uadf8\uc778\")\n    @allure.story(\"\uc815\uc0c1 \ub85c\uadf8\uc778\")\n    @allure.title(\"\uc544\uc774\ub514 \ube44\ubc00\ubc88\ud638 \ub85c\uadf8\uc778 \uc131\uacf5\")\n    @allure.description(\"\uc815\uc0c1\uc801\uc778 \uacc4\uc815\uc73c\ub85c \ub85c\uadf8\uc778\ud558\uc5ec \ud648\ud654\uba74 \uc9c4\uc785\uc744 \ud655\uc778\ud55c\ub2e4.\")\n    def test_login_success(driver):\n        # \ud544\uc694\ud55c Page Object \ubd88\ub7ec\uc624\uae30\n        from pages.mypage import MyPage\n        from pages.login_method_select_page import LoginMethodSelectPage\n        from pages.login_page import LoginPage\n    \n        # \ud398\uc774\uc9c0 \uac1d\uccb4 \uc0dd\uc131\n        my_page = MyPage(driver)\n        login_method_page = LoginMethodSelectPage(driver)\n        login_page = LoginPage(driver)\n    \n        with allure.step(\"\ub9c8\uc774\ud398\uc774\uc9c0\ub85c \uc774\ub3d9\"):\n>           my_page.go_to_mypage()\n\ntests\\test_login.py:20: \n_ _ _ _ _ _ _ _ _ _ _ _ _ _ _ _ _ _ _ _ _ _ _ _ _ _ _ _ _ _ _ _ _ _ _ _ _ _ _ _\npages\\mypage.py:11: in go_to_mypage\n    WebDriverWait(self.driver, 10).until(\n_ _ _ _ _ _ _ _ _ _ _ _ _ _ _ _ _ _ _ _ _ _ _ _ _ _ _ _ _ _ _ _ _ _ _ _ _ _ _ _\n\nself = <selenium.webdriver.support.wait.WebDriverWait (session=\"bde54c73-c3e7-4620-8b89-317f0f91ac65\")>\nmethod = <function presence_of_element_located.<locals>._predicate at 0x00000289E4A129E0>\nmessage = ''\n\n    def until(self, method: Callable[[D], Union[Literal[False], T]], message: str = \"\") -> T:\n        \"\"\"Wait until the method returns a value that is not False.\n    \n        Calls the method provided with the driver as an argument until the\n        return value does not evaluate to ``False``.\n    \n        Parameters:\n        -----------\n        method: callable(WebDriver)\n            - A callable object that takes a WebDriver instance as an argument.\n    \n        message: str\n            - Optional message for :exc:`TimeoutException`\n    \n        Return:\n        -------\n        object: T\n            - The result of the last call to `method`\n    \n        Raises:\n        -------\n        TimeoutException\n            - If 'method' does not return a truthy value within the WebDriverWait\n            object's timeout\n    \n        Example:\n        --------\n        >>> from selenium.webdriver.common.by import By\n        >>> from selenium.webdriver.support.ui import WebDriverWait\n        >>> from selenium.webdriver.support import expected_conditions as EC\n    \n        # Wait until an element is visible on the page\n        >>> wait = WebDriverWait(driver, 10)\n        >>> element = wait.until(EC.visibility_of_element_located((By.ID, \"exampleId\")))\n        >>> print(element.text)\n        \"\"\"\n        screen = None\n        stacktrace = None\n    \n        end_time = time.monotonic() + self._timeout\n        while True:\n            try:\n                value = method(self._driver)\n                if value:\n                    return value\n            except self._ignored_exceptions as exc:\n                screen = getattr(exc, \"screen\", None)\n                stacktrace = getattr(exc, \"stacktrace\", None)\n            if time.monotonic() > end_time:\n                break\n            time.sleep(self._poll)\n>       raise TimeoutException(message, screen, stacktrace)\nE       selenium.common.exceptions.TimeoutException: Message: \nE       Stacktrace:\nE       NoSuchElementError: An element could not be located on the page using the given search parameters.\nE           at AndroidUiautomator2Driver.findElOrEls (C:\\Users\\WW\\.appium\\node_modules\\appium-uiautomator2-driver\\node_modules\\appium-android-driver\\lib\\commands\\find.ts:86:11)\nE           at processTicksAndRejections (node:internal/process/task_queues:105:5)\nE           at AndroidUiautomator2Driver.findElOrElsWithProcessing (C:\\Users\\WW\\AppData\\Roaming\\npm\\node_modules\\appium\\node_modules\\@appium\\base-driver\\lib\\basedriver\\commands\\find.ts:60:12)\nE           at AndroidUiautomator2Driver.findElement (C:\\Users\\WW\\AppData\\Roaming\\npm\\node_modules\\appium\\node_modules\\@appium\\base-driver\\lib\\basedriver\\commands\\find.ts:75:12)\n\nC:\\actions-runner\\_work\\_tool\\Python\\3.10.11\\x64\\lib\\site-packages\\selenium\\webdriver\\support\\wait.py:138: TimeoutException"}, "teardown": {"duration": 0.985811399994418, "outcome": "passed", "stdout": "[SCREENSHOT] \ud14c\uc2a4\ud2b8 \uc2e4\ud328 - \uc2a4\ud06c\ub9b0\uc0f7 \uc800\uc7a5\ub428: screenshots\\failure_20250724_154617.png\nAllure \ub9ac\ud3ec\ud2b8\uc5d0 \uc2a4\ud06c\ub9b0\uc0f7 \ucca8\ubd80 \uc644\ub8cc\n"}}]}