{"uid":"476c300b627d8c14","name":"아이디 비밀번호 로그인 성공","fullName":"tests.test_login#test_login_success","historyId":"86600b41e86dab7ca99f472fa61e4b05","time":{"start":1753338069541,"stop":1753338081787,"duration":12246},"description":"정상적인 계정으로 로그인하여 홈화면 진입을 확인한다.","descriptionHtml":"<p>정상적인 계정으로 로그인하여 홈화면 진입을 확인한다.</p>\n","status":"broken","statusMessage":"selenium.common.exceptions.NoSuchElementException: Message: An element could not be located on the page using the given search parameters.; For documentation on this error, please visit: https://www.selenium.dev/documentation/webdriver/troubleshooting/errors#nosuchelementexception\nStacktrace:\nNoSuchElementError: An element could not be located on the page using the given search parameters.\n    at AndroidUiautomator2Driver.findElOrEls (C:\\Users\\WW\\.appium\\node_modules\\appium-uiautomator2-driver\\node_modules\\appium-android-driver\\lib\\commands\\find.ts:86:11)\n    at processTicksAndRejections (node:internal/process/task_queues:105:5)\n    at AndroidUiautomator2Driver.findElOrElsWithProcessing (C:\\Users\\WW\\AppData\\Roaming\\npm\\node_modules\\appium\\node_modules\\@appium\\base-driver\\lib\\basedriver\\commands\\find.ts:60:12)\n    at AndroidUiautomator2Driver.findElement (C:\\Users\\WW\\AppData\\Roaming\\npm\\node_modules\\appium\\node_modules\\@appium\\base-driver\\lib\\basedriver\\commands\\find.ts:75:12)","statusTrace":"driver = <appium.webdriver.webdriver.WebDriver (session=\"d08599fb-d368-412c-8ad5-07c79544b320\")>\n\n    @allure.epic(\"회원 기능\")\n    @allure.feature(\"로그인\")\n    @allure.story(\"정상 로그인\")\n    @allure.title(\"아이디 비밀번호 로그인 성공\")\n    @allure.description(\"정상적인 계정으로 로그인하여 홈화면 진입을 확인한다.\")\n    def test_login_success(driver):\n        # 필요한 Page Object 불러오기\n        from pages.mypage import MyPage\n        from pages.login_method_select_page import LoginMethodSelectPage\n        from pages.login_page import LoginPage\n    \n        # 페이지 객체 생성\n        my_page = MyPage(driver)\n        login_method_page = LoginMethodSelectPage(driver)\n        login_page = LoginPage(driver)\n    \n        with allure.step(\"마이페이지로 이동\"):\n            my_page.go_to_mypage()\n    \n        with allure.step(\"로그인 방법 선택\"):\n            login_method_page.click_login_or_signup()\n>           login_method_page.click_login_with_id_or_other()\n\ntests\\test_login.py:24: \n_ _ _ _ _ _ _ _ _ _ _ _ _ _ _ _ _ _ _ _ _ _ _ _ _ _ _ _ _ _ _ _ _ _ _ _ _ _ _ _ _ _ _ _ _ _ _ _ _ _ _ _ _ _ _ _ _ _ _ _ _ _ _ _ _ _ _ _ _ _ _ _ _ _ _ _ _ _ _ _ _ _ _ _ _ _ _ _ _ _ _ _ _ _ _ _\npages\\login_method_select_page.py:26: in click_login_with_id_or_other\n    self.driver.find_element(*locator).click()\n    ^^^^^^^^^^^^^^^^^^^^^^^^^^^^^^^^^^\n.venv\\Lib\\site-packages\\selenium\\webdriver\\remote\\webdriver.py:922: in find_element\n    return self.execute(Command.FIND_ELEMENT, {\"using\": by, \"value\": value})[\"value\"]\n           ^^^^^^^^^^^^^^^^^^^^^^^^^^^^^^^^^^^^^^^^^^^^^^^^^^^^^^^^^^^^^^^^^\n.venv\\Lib\\site-packages\\selenium\\webdriver\\remote\\webdriver.py:454: in execute\n    self.error_handler.check_response(response)\n_ _ _ _ _ _ _ _ _ _ _ _ _ _ _ _ _ _ _ _ _ _ _ _ _ _ _ _ _ _ _ _ _ _ _ _ _ _ _ _ _ _ _ _ _ _ _ _ _ _ _ _ _ _ _ _ _ _ _ _ _ _ _ _ _ _ _ _ _ _ _ _ _ _ _ _ _ _ _ _ _ _ _ _ _ _ _ _ _ _ _ _ _ _ _ _\n\nself = <appium.webdriver.errorhandler.MobileErrorHandler object at 0x0000012D51CFEA50>\nresponse = {'status': 404, 'value': '{\"value\":{\"error\":\"no such element\",\"message\":\"An element could not be located on the page u...ode_modules\\\\\\\\appium\\\\\\\\node_modules\\\\\\\\@appium\\\\\\\\base-driver\\\\\\\\lib\\\\\\\\basedriver\\\\\\\\commands\\\\\\\\find.ts:75:12)\"}}'}\n\n    def check_response(self, response: Dict[str, Any]) -> None:\n        \"\"\"\n        https://www.w3.org/TR/webdriver/#errors\n        \"\"\"\n        payload = response.get('value', '')\n        if isinstance(payload, dict):\n            payload_dict = payload\n        else:\n            try:\n                payload_dict = json.loads(payload)\n            except (json.JSONDecodeError, TypeError):\n                return\n            if not isinstance(payload_dict, dict):\n                return\n        value = payload_dict.get('value')\n        if not isinstance(value, dict):\n            return\n        error = value.get('error')\n        if not error:\n            return\n    \n        message = value.get('message', error)\n        stacktrace = value.get('stacktrace', '')\n        # In theory, we should also be checking HTTP status codes.\n        # Java client, for example, prints a warning if the actual `error`\n        # value does not match to the response's HTTP status code.\n        exception_class: Type[sel_exceptions.WebDriverException] = ERROR_TO_EXC_MAPPING.get(\n            error, sel_exceptions.WebDriverException\n        )\n        if exception_class is sel_exceptions.WebDriverException and message:\n            if message == 'No such context found.':\n                exception_class = appium_exceptions.NoSuchContextException\n            elif message == 'That command could not be executed in the current context.':\n                exception_class = appium_exceptions.InvalidSwitchToTargetException\n    \n        if exception_class is sel_exceptions.UnexpectedAlertPresentException:\n            raise sel_exceptions.UnexpectedAlertPresentException(\n                msg=message,\n                stacktrace=format_stacktrace(stacktrace),\n                alert_text=value.get('data'),\n            )\n>       raise exception_class(msg=message, stacktrace=format_stacktrace(stacktrace))\nE       selenium.common.exceptions.NoSuchElementException: Message: An element could not be located on the page using the given search parameters.; For documentation on this error, please visit: https://www.selenium.dev/documentation/webdriver/troubleshooting/errors#nosuchelementexception\nE       Stacktrace:\nE       NoSuchElementError: An element could not be located on the page using the given search parameters.\nE           at AndroidUiautomator2Driver.findElOrEls (C:\\Users\\WW\\.appium\\node_modules\\appium-uiautomator2-driver\\node_modules\\appium-android-driver\\lib\\commands\\find.ts:86:11)\nE           at processTicksAndRejections (node:internal/process/task_queues:105:5)\nE           at AndroidUiautomator2Driver.findElOrElsWithProcessing (C:\\Users\\WW\\AppData\\Roaming\\npm\\node_modules\\appium\\node_modules\\@appium\\base-driver\\lib\\basedriver\\commands\\find.ts:60:12)\nE           at AndroidUiautomator2Driver.findElement (C:\\Users\\WW\\AppData\\Roaming\\npm\\node_modules\\appium\\node_modules\\@appium\\base-driver\\lib\\basedriver\\commands\\find.ts:75:12)\n\n.venv\\Lib\\site-packages\\appium\\webdriver\\errorhandler.py:125: NoSuchElementException","flaky":false,"newFailed":false,"newBroken":false,"newPassed":false,"retriesCount":0,"retriesStatusChange":false,"beforeStages":[{"name":"driver","time":{"start":1753338064135,"stop":1753338069540,"duration":5405},"status":"passed","steps":[],"attachments":[],"parameters":[],"hasContent":false,"stepsCount":0,"attachmentsCount":0,"attachmentStep":false,"shouldDisplayMessage":false}],"testStage":{"description":"정상적인 계정으로 로그인하여 홈화면 진입을 확인한다.","status":"broken","statusMessage":"selenium.common.exceptions.NoSuchElementException: Message: An element could not be located on the page using the given search parameters.; For documentation on this error, please visit: https://www.selenium.dev/documentation/webdriver/troubleshooting/errors#nosuchelementexception\nStacktrace:\nNoSuchElementError: An element could not be located on the page using the given search parameters.\n    at AndroidUiautomator2Driver.findElOrEls (C:\\Users\\WW\\.appium\\node_modules\\appium-uiautomator2-driver\\node_modules\\appium-android-driver\\lib\\commands\\find.ts:86:11)\n    at processTicksAndRejections (node:internal/process/task_queues:105:5)\n    at AndroidUiautomator2Driver.findElOrElsWithProcessing (C:\\Users\\WW\\AppData\\Roaming\\npm\\node_modules\\appium\\node_modules\\@appium\\base-driver\\lib\\basedriver\\commands\\find.ts:60:12)\n    at AndroidUiautomator2Driver.findElement (C:\\Users\\WW\\AppData\\Roaming\\npm\\node_modules\\appium\\node_modules\\@appium\\base-driver\\lib\\basedriver\\commands\\find.ts:75:12)","statusTrace":"driver = <appium.webdriver.webdriver.WebDriver (session=\"d08599fb-d368-412c-8ad5-07c79544b320\")>\n\n    @allure.epic(\"회원 기능\")\n    @allure.feature(\"로그인\")\n    @allure.story(\"정상 로그인\")\n    @allure.title(\"아이디 비밀번호 로그인 성공\")\n    @allure.description(\"정상적인 계정으로 로그인하여 홈화면 진입을 확인한다.\")\n    def test_login_success(driver):\n        # 필요한 Page Object 불러오기\n        from pages.mypage import MyPage\n        from pages.login_method_select_page import LoginMethodSelectPage\n        from pages.login_page import LoginPage\n    \n        # 페이지 객체 생성\n        my_page = MyPage(driver)\n        login_method_page = LoginMethodSelectPage(driver)\n        login_page = LoginPage(driver)\n    \n        with allure.step(\"마이페이지로 이동\"):\n            my_page.go_to_mypage()\n    \n        with allure.step(\"로그인 방법 선택\"):\n            login_method_page.click_login_or_signup()\n>           login_method_page.click_login_with_id_or_other()\n\ntests\\test_login.py:24: \n_ _ _ _ _ _ _ _ _ _ _ _ _ _ _ _ _ _ _ _ _ _ _ _ _ _ _ _ _ _ _ _ _ _ _ _ _ _ _ _ _ _ _ _ _ _ _ _ _ _ _ _ _ _ _ _ _ _ _ _ _ _ _ _ _ _ _ _ _ _ _ _ _ _ _ _ _ _ _ _ _ _ _ _ _ _ _ _ _ _ _ _ _ _ _ _\npages\\login_method_select_page.py:26: in click_login_with_id_or_other\n    self.driver.find_element(*locator).click()\n    ^^^^^^^^^^^^^^^^^^^^^^^^^^^^^^^^^^\n.venv\\Lib\\site-packages\\selenium\\webdriver\\remote\\webdriver.py:922: in find_element\n    return self.execute(Command.FIND_ELEMENT, {\"using\": by, \"value\": value})[\"value\"]\n           ^^^^^^^^^^^^^^^^^^^^^^^^^^^^^^^^^^^^^^^^^^^^^^^^^^^^^^^^^^^^^^^^^\n.venv\\Lib\\site-packages\\selenium\\webdriver\\remote\\webdriver.py:454: in execute\n    self.error_handler.check_response(response)\n_ _ _ _ _ _ _ _ _ _ _ _ _ _ _ _ _ _ _ _ _ _ _ _ _ _ _ _ _ _ _ _ _ _ _ _ _ _ _ _ _ _ _ _ _ _ _ _ _ _ _ _ _ _ _ _ _ _ _ _ _ _ _ _ _ _ _ _ _ _ _ _ _ _ _ _ _ _ _ _ _ _ _ _ _ _ _ _ _ _ _ _ _ _ _ _\n\nself = <appium.webdriver.errorhandler.MobileErrorHandler object at 0x0000012D51CFEA50>\nresponse = {'status': 404, 'value': '{\"value\":{\"error\":\"no such element\",\"message\":\"An element could not be located on the page u...ode_modules\\\\\\\\appium\\\\\\\\node_modules\\\\\\\\@appium\\\\\\\\base-driver\\\\\\\\lib\\\\\\\\basedriver\\\\\\\\commands\\\\\\\\find.ts:75:12)\"}}'}\n\n    def check_response(self, response: Dict[str, Any]) -> None:\n        \"\"\"\n        https://www.w3.org/TR/webdriver/#errors\n        \"\"\"\n        payload = response.get('value', '')\n        if isinstance(payload, dict):\n            payload_dict = payload\n        else:\n            try:\n                payload_dict = json.loads(payload)\n            except (json.JSONDecodeError, TypeError):\n                return\n            if not isinstance(payload_dict, dict):\n                return\n        value = payload_dict.get('value')\n        if not isinstance(value, dict):\n            return\n        error = value.get('error')\n        if not error:\n            return\n    \n        message = value.get('message', error)\n        stacktrace = value.get('stacktrace', '')\n        # In theory, we should also be checking HTTP status codes.\n        # Java client, for example, prints a warning if the actual `error`\n        # value does not match to the response's HTTP status code.\n        exception_class: Type[sel_exceptions.WebDriverException] = ERROR_TO_EXC_MAPPING.get(\n            error, sel_exceptions.WebDriverException\n        )\n        if exception_class is sel_exceptions.WebDriverException and message:\n            if message == 'No such context found.':\n                exception_class = appium_exceptions.NoSuchContextException\n            elif message == 'That command could not be executed in the current context.':\n                exception_class = appium_exceptions.InvalidSwitchToTargetException\n    \n        if exception_class is sel_exceptions.UnexpectedAlertPresentException:\n            raise sel_exceptions.UnexpectedAlertPresentException(\n                msg=message,\n                stacktrace=format_stacktrace(stacktrace),\n                alert_text=value.get('data'),\n            )\n>       raise exception_class(msg=message, stacktrace=format_stacktrace(stacktrace))\nE       selenium.common.exceptions.NoSuchElementException: Message: An element could not be located on the page using the given search parameters.; For documentation on this error, please visit: https://www.selenium.dev/documentation/webdriver/troubleshooting/errors#nosuchelementexception\nE       Stacktrace:\nE       NoSuchElementError: An element could not be located on the page using the given search parameters.\nE           at AndroidUiautomator2Driver.findElOrEls (C:\\Users\\WW\\.appium\\node_modules\\appium-uiautomator2-driver\\node_modules\\appium-android-driver\\lib\\commands\\find.ts:86:11)\nE           at processTicksAndRejections (node:internal/process/task_queues:105:5)\nE           at AndroidUiautomator2Driver.findElOrElsWithProcessing (C:\\Users\\WW\\AppData\\Roaming\\npm\\node_modules\\appium\\node_modules\\@appium\\base-driver\\lib\\basedriver\\commands\\find.ts:60:12)\nE           at AndroidUiautomator2Driver.findElement (C:\\Users\\WW\\AppData\\Roaming\\npm\\node_modules\\appium\\node_modules\\@appium\\base-driver\\lib\\basedriver\\commands\\find.ts:75:12)\n\n.venv\\Lib\\site-packages\\appium\\webdriver\\errorhandler.py:125: NoSuchElementException","steps":[{"name":"마이페이지로 이동","time":{"start":1753338069546,"stop":1753338080756,"duration":11210},"status":"passed","steps":[],"attachments":[],"parameters":[],"hasContent":false,"stepsCount":0,"attachmentsCount":0,"attachmentStep":false,"shouldDisplayMessage":false},{"name":"로그인 방법 선택","time":{"start":1753338080756,"stop":1753338081782,"duration":1026},"status":"broken","statusMessage":"selenium.common.exceptions.NoSuchElementException: Message: An element could not be located on the page using the given search parameters.; For documentation on this error, please visit: https://www.selenium.dev/documentation/webdriver/troubleshooting/errors#nosuchelementexception\nStacktrace:\nNoSuchElementError: An element could not be located on the page using the given search parameters.\n    at AndroidUiautomator2Driver.findElOrEls (C:\\Users\\WW\\.appium\\node_modules\\appium-uiautomator2-driver\\node_modules\\appium-android-driver\\lib\\commands\\find.ts:86:11)\n    at processTicksAndRejections (node:internal/process/task_queues:105:5)\n    at AndroidUiautomator2Driver.findElOrElsWithProcessing (C:\\Users\\WW\\AppData\\Roaming\\npm\\node_modules\\appium\\node_modules\\@appium\\base-driver\\lib\\basedriver\\commands\\find.ts:60:12)\n    at AndroidUiautomator2Driver.findElement (C:\\Users\\WW\\AppData\\Roaming\\npm\\node_modules\\appium\\node_modules\\@appium\\base-driver\\lib\\basedriver\\commands\\find.ts:75:12)\n","statusTrace":"  File \"C:\\Users\\WW\\Desktop\\workspace\\00. src\\appium-pytest-template\\tests\\test_login.py\", line 24, in test_login_success\n    login_method_page.click_login_with_id_or_other()\n    ~~~~~~~~~~~~~~~~~~~~~~~~~~~~~~~~~~~~~~~~~~~~~~^^\n  File \"C:\\Users\\WW\\Desktop\\workspace\\00. src\\appium-pytest-template\\pages\\login_method_select_page.py\", line 26, in click_login_with_id_or_other\n    self.driver.find_element(*locator).click()\n    ~~~~~~~~~~~~~~~~~~~~~~~~^^^^^^^^^^\n  File \"C:\\Users\\WW\\Desktop\\workspace\\00. src\\appium-pytest-template\\.venv\\Lib\\site-packages\\selenium\\webdriver\\remote\\webdriver.py\", line 922, in find_element\n    return self.execute(Command.FIND_ELEMENT, {\"using\": by, \"value\": value})[\"value\"]\n           ~~~~~~~~~~~~^^^^^^^^^^^^^^^^^^^^^^^^^^^^^^^^^^^^^^^^^^^^^^^^^^^^^\n  File \"C:\\Users\\WW\\Desktop\\workspace\\00. src\\appium-pytest-template\\.venv\\Lib\\site-packages\\selenium\\webdriver\\remote\\webdriver.py\", line 454, in execute\n    self.error_handler.check_response(response)\n    ~~~~~~~~~~~~~~~~~~~~~~~~~~~~~~~~~^^^^^^^^^^\n  File \"C:\\Users\\WW\\Desktop\\workspace\\00. src\\appium-pytest-template\\.venv\\Lib\\site-packages\\appium\\webdriver\\errorhandler.py\", line 125, in check_response\n    raise exception_class(msg=message, stacktrace=format_stacktrace(stacktrace))\n","steps":[],"attachments":[],"parameters":[],"hasContent":true,"stepsCount":0,"attachmentsCount":0,"attachmentStep":false,"shouldDisplayMessage":true}],"attachments":[{"uid":"44cd6f148e6715c7","name":"stdout","source":"44cd6f148e6715c7.txt","type":"text/plain","size":267}],"parameters":[],"hasContent":true,"stepsCount":2,"attachmentsCount":1,"attachmentStep":false,"shouldDisplayMessage":true},"afterStages":[{"name":"driver::0","time":{"start":1753338081889,"stop":1753338083003,"duration":1114},"status":"passed","steps":[],"attachments":[{"uid":"e34b6684cdf9876e","name":"Failure Screenshot 20250724_152121","source":"e34b6684cdf9876e.png","type":"image/png","size":230922}],"parameters":[],"hasContent":true,"stepsCount":0,"attachmentsCount":1,"attachmentStep":false,"shouldDisplayMessage":false}],"labels":[{"name":"story","value":"정상 로그인"},{"name":"epic","value":"회원 기능"},{"name":"feature","value":"로그인"},{"name":"parentSuite","value":"tests"},{"name":"suite","value":"test_login"},{"name":"host","value":"DESKTOP-4NQHBKE"},{"name":"thread","value":"8684-MainThread"},{"name":"framework","value":"pytest"},{"name":"language","value":"cpython3"},{"name":"package","value":"tests.test_login"},{"name":"resultFormat","value":"allure2"}],"parameters":[],"links":[],"hidden":true,"retry":true,"extra":{"categories":[],"tags":[]},"source":"476c300b627d8c14.json","parameterValues":[]}